<?xml version="1.0" encoding="UTF-8"?>
<testng-results skipped="0" failed="0" ignored="0" total="1" passed="1">
  <reporter-output>
  </reporter-output>
  <suite name="Suite1" duration-ms="18" started-at="2021-01-11T07:40:39Z" finished-at="2021-01-11T07:40:39Z">
    <groups>
    </groups>
    <test name="test1" duration-ms="18" started-at="2021-01-11T07:40:39Z" finished-at="2021-01-11T07:40:39Z">
      <class name="com.testng.Demo2">
        <test-method status="PASS" signature="test2()[pri:0, instance:com.testng.Demo2@763d9750]" name="test2" duration-ms="3" started-at="2021-01-11T07:40:39Z" finished-at="2021-01-11T07:40:39Z">
          <reporter-output>
          </reporter-output>
        </test-method> <!-- test2 -->
      </class> <!-- com.testng.Demo2 -->
    </test> <!-- test1 -->
  </suite> <!-- Suite1 -->
</testng-results>
